<?xml version="1.0" encoding="UTF-8"?>
<testng-results skipped="0" failed="0" ignored="0" total="1" passed="1">
  <reporter-output>
  </reporter-output>
  <suite name="com.talbot.qa.testcases.SearchPageTest" duration-ms="16714" started-at="2021-08-26T13:55:57 CDT" finished-at="2021-08-26T13:56:13 CDT">
    <groups>
    </groups>
    <test name="Command line test" duration-ms="16714" started-at="2021-08-26T13:55:57 CDT" finished-at="2021-08-26T13:56:13 CDT">
      <class name="com.talbot.qa.testcases.SearchPageTest">
        <test-method status="PASS" signature="setUp()[pri:0, instance:com.talbot.qa.testcases.SearchPageTest@4667ae56]" name="setUp" is-config="true" duration-ms="5562" started-at="2021-08-26T13:55:57 CDT" finished-at="2021-08-26T13:56:02 CDT">
          <reporter-output>
          </reporter-output>
        </test-method> <!-- setUp -->
        <test-method status="PASS" signature="homePageTest()[pri:0, instance:com.talbot.qa.testcases.SearchPageTest@4667ae56]" name="homePageTest" duration-ms="10302" started-at="2021-08-26T13:56:02 CDT" finished-at="2021-08-26T13:56:12 CDT">
          <reporter-output>
          </reporter-output>
        </test-method> <!-- homePageTest -->
        <test-method status="PASS" signature="tearDown()[pri:0, instance:com.talbot.qa.testcases.SearchPageTest@4667ae56]" name="tearDown" is-config="true" duration-ms="821" started-at="2021-08-26T13:56:12 CDT" finished-at="2021-08-26T13:56:13 CDT">
          <reporter-output>
          </reporter-output>
        </test-method> <!-- tearDown -->
      </class> <!-- com.talbot.qa.testcases.SearchPageTest -->
    </test> <!-- Command line test -->
  </suite> <!-- com.talbot.qa.testcases.SearchPageTest -->
</testng-results>
